# JRE version: OpenJDK Runtime Environment (8.0_242-b01) (build 1.8.0_242-release-1644-b01)
# Java VM: OpenJDK 64-Bit Server VM (25.242-b01 mixed mode windows-amd64 compressed oops)
Heap:
 PSYoungGen      total 331264K, used 270463K [0x00000000d5580000, 0x00000000ec180000, 0x0000000100000000)
  eden space 310272K, 80% used [0x00000000d5580000,0x00000000e4927ae8,0x00000000e8480000)
  from space 20992K, 99% used [0x00000000ea380000,0x00000000eb7f8138,0x00000000eb800000)
  to   space 31232K, 0% used [0x00000000e8480000,0x00000000e8480000,0x00000000ea300000)
 ParOldGen       total 192512K, used 64777K [0x0000000080000000, 0x000000008bc00000, 0x00000000d5580000)
  object space 192512K, 33% used [0x0000000080000000,0x0000000083f42690,0x000000008bc00000)
 Metaspace       used 74396K, capacity 77732K, committed 77976K, reserved 1116160K
  class space    used 9785K, capacity 10401K, committed 10416K, reserved 1048576K
GC Heap History (10 events):
Event: 28.454 GC heap before
{Heap before GC invocations=11 (full 2):
 PSYoungGen      total 184832K, used 184454K [0x00000000d5580000, 0x00000000e2480000, 0x0000000100000000)
  eden space 176128K, 100% used [0x00000000d5580000,0x00000000e0180000,0x00000000e0180000)
  from space 8704K, 95% used [0x00000000e1c00000,0x00000000e2421908,0x00000000e2480000)
  to   space 11264K, 0% used [0x00000000e0e80000,0x00000000e0e80000,0x00000000e1980000)
 ParOldGen       total 130048K, used 14318K [0x0000000080000000, 0x0000000087f00000, 0x00000000d5580000)
  object space 130048K, 11% used [0x0000000080000000,0x0000000080dfbbe8,0x0000000087f00000)
 Metaspace       used 55157K, capacity 57452K, committed 57640K, reserved 1099776K
  class space    used 7505K, capacity 7951K, committed 7984K, reserved 1048576K
Event: 28.481 GC heap after
Heap after GC invocations=11 (full 2):
 PSYoungGen      total 200704K, used 11252K [0x00000000d5580000, 0x00000000e6580000, 0x0000000100000000)
  eden space 189440K, 0% used [0x00000000d5580000,0x00000000d5580000,0x00000000e0e80000)
  from space 11264K, 99% used [0x00000000e0e80000,0x00000000e197d310,0x00000000e1980000)
  to   space 18944K, 0% used [0x00000000e5300000,0x00000000e5300000,0x00000000e6580000)
 ParOldGen       total 130048K, used 31123K [0x0000000080000000, 0x0000000087f00000, 0x00000000d5580000)
  object space 130048K, 23% used [0x0000000080000000,0x0000000081e64d50,0x0000000087f00000)
 Metaspace       used 55157K, capacity 57452K, committed 57640K, reserved 1099776K
  class space    used 7505K, capacity 7951K, committed 7984K, reserved 1048576K
}
Event: 28.789 GC heap before
{Heap before GC invocations=12 (full 2):
 PSYoungGen      total 200704K, used 33584K [0x00000000d5580000, 0x00000000e6580000, 0x0000000100000000)
  eden space 189440K, 11% used [0x00000000d5580000,0x00000000d6b4ef40,0x00000000e0e80000)
  from space 11264K, 99% used [0x00000000e0e80000,0x00000000e197d310,0x00000000e1980000)
  to   space 18944K, 0% used [0x00000000e5300000,0x00000000e5300000,0x00000000e6580000)
 ParOldGen       total 130048K, used 31123K [0x0000000080000000, 0x0000000087f00000, 0x00000000d5580000)
  object space 130048K, 23% used [0x0000000080000000,0x0000000081e64d50,0x0000000087f00000)
 Metaspace       used 56539K, capacity 58958K, committed 59160K, reserved 1099776K
  class space    used 7728K, capacity 8212K, committed 8240K, reserved 1048576K
Event: 28.814 GC heap after
Heap after GC invocations=12 (full 2):
 PSYoungGen      total 260608K, used 9705K [0x00000000d5580000, 0x00000000e8880000, 0x0000000100000000)
  eden space 241664K, 0% used [0x00000000d5580000,0x00000000d5580000,0x00000000e4180000)
  from space 18944K, 51% used [0x00000000e5300000,0x00000000e5c7a5f0,0x00000000e6580000)
  to   space 17920K, 0% used [0x00000000e4180000,0x00000000e4180000,0x00000000e5300000)
 ParOldGen       total 130048K, used 34699K [0x0000000080000000, 0x0000000087f00000, 0x00000000d5580000)
  object space 130048K, 26% used [0x0000000080000000,0x00000000821e2e60,0x0000000087f00000)
 Metaspace       used 56539K, capacity 58958K, committed 59160K, reserved 1099776K
  class space    used 7728K, capacity 8212K, committed 8240K, reserved 1048576K
}
Event: 28.814 GC heap before
{Heap before GC invocations=13 (full 3):
 PSYoungGen      total 260608K, used 9705K [0x00000000d5580000, 0x00000000e8880000, 0x0000000100000000)
  eden space 241664K, 0% used [0x00000000d5580000,0x00000000d5580000,0x00000000e4180000)
  from space 18944K, 51% used [0x00000000e5300000,0x00000000e5c7a5f0,0x00000000e6580000)
  to   space 17920K, 0% used [0x00000000e4180000,0x00000000e4180000,0x00000000e5300000)
 ParOldGen       total 130048K, used 34699K [0x0000000080000000, 0x0000000087f00000, 0x00000000d5580000)
  object space 130048K, 26% used [0x0000000080000000,0x00000000821e2e60,0x0000000087f00000)
 Metaspace       used 56539K, capacity 58958K, committed 59160K, reserved 1099776K
  class space    used 7728K, capacity 8212K, committed 8240K, reserved 1048576K
Event: 29.066 GC heap after
Heap after GC invocations=13 (full 3):
 PSYoungGen      total 260608K, used 0K [0x00000000d5580000, 0x00000000e8880000, 0x0000000100000000)
  eden space 241664K, 0% used [0x00000000d5580000,0x00000000d5580000,0x00000000e4180000)
  from space 18944K, 0% used [0x00000000e5300000,0x00000000e5300000,0x00000000e6580000)
  to   space 17920K, 0% used [0x00000000e4180000,0x00000000e4180000,0x00000000e5300000)
 ParOldGen       total 192512K, used 41685K [0x0000000080000000, 0x000000008bc00000, 0x00000000d5580000)
  object space 192512K, 21% used [0x0000000080000000,0x00000000828b5458,0x000000008bc00000)
 Metaspace       used 56518K, capacity 58886K, committed 59160K, reserved 1099776K
  class space    used 7722K, capacity 8200K, committed 8240K, reserved 1048576K
}
Event: 33.130 GC heap before
{Heap before GC invocations=14 (full 3):
 PSYoungGen      total 260608K, used 241664K [0x00000000d5580000, 0x00000000e8880000, 0x0000000100000000)
  eden space 241664K, 100% used [0x00000000d5580000,0x00000000e4180000,0x00000000e4180000)
  from space 18944K, 0% used [0x00000000e5300000,0x00000000e5300000,0x00000000e6580000)
  to   space 17920K, 0% used [0x00000000e4180000,0x00000000e4180000,0x00000000e5300000)
 ParOldGen       total 192512K, used 41685K [0x0000000080000000, 0x000000008bc00000, 0x00000000d5580000)
  object space 192512K, 21% used [0x0000000080000000,0x00000000828b5458,0x000000008bc00000)
 Metaspace       used 64073K, capacity 67192K, committed 67224K, reserved 1107968K
  class space    used 8795K, capacity 9383K, committed 9392K, reserved 1048576K
Event: 33.156 GC heap after
Heap after GC invocations=14 (full 3):
 PSYoungGen      total 259584K, used 17918K [0x00000000d5580000, 0x00000000eb800000, 0x0000000100000000)
  eden space 241664K, 0% used [0x00000000d5580000,0x00000000d5580000,0x00000000e4180000)
  from space 17920K, 99% used [0x00000000e4180000,0x00000000e52ff850,0x00000000e5300000)
  to   space 20992K, 0% used [0x00000000ea380000,0x00000000ea380000,0x00000000eb800000)
 ParOldGen       total 192512K, used 43866K [0x0000000080000000, 0x000000008bc00000, 0x00000000d5580000)
  object space 192512K, 22% used [0x0000000080000000,0x0000000082ad68a8,0x000000008bc00000)
 Metaspace       used 64073K, capacity 67192K, committed 67224K, reserved 1107968K
  class space    used 8795K, capacity 9383K, committed 9392K, reserved 1048576K
}
Event: 1402.039 GC heap before
{Heap before GC invocations=15 (full 3):
 PSYoungGen      total 259584K, used 259582K [0x00000000d5580000, 0x00000000eb800000, 0x0000000100000000)
  eden space 241664K, 100% used [0x00000000d5580000,0x00000000e4180000,0x00000000e4180000)
  from space 17920K, 99% used [0x00000000e4180000,0x00000000e52ff850,0x00000000e5300000)
  to   space 20992K, 0% used [0x00000000ea380000,0x00000000ea380000,0x00000000eb800000)
 ParOldGen       total 192512K, used 43866K [0x0000000080000000, 0x000000008bc00000, 0x00000000d5580000)
  object space 192512K, 22% used [0x0000000080000000,0x0000000082ad68a8,0x000000008bc00000)
 Metaspace       used 69677K, capacity 72938K, committed 73112K, reserved 1112064K
  class space    used 9234K, capacity 9860K, committed 9904K, reserved 1048576K
Event: 1402.083 GC heap after
Heap after GC invocations=15 (full 3):
 PSYoungGen      total 331264K, used 20960K [0x00000000d5580000, 0x00000000ec180000, 0x0000000100000000)
  eden space 310272K, 0% used [0x00000000d5580000,0x00000000d5580000,0x00000000e8480000)
  from space 20992K, 99% used [0x00000000ea380000,0x00000000eb7f8138,0x00000000eb800000)
  to   space 31232K, 0% used [0x00000000e8480000,0x00000000e8480000,0x00000000ea300000)
 ParOldGen       total 192512K, used 64777K [0x0000000080000000, 0x000000008bc00000, 0x00000000d5580000)
  object space 192512K, 33% used [0x0000000080000000,0x0000000083f42690,0x000000008bc00000)
 Metaspace       used 69677K, capacity 72938K, committed 73112K, reserved 1112064K
  class space    used 9234K, capacity 9860K, committed 9904K, reserved 1048576K
}

